<?xml version="1.0" encoding="UTF-8"?>
<testng-results total="1" passed="1" failed="0" skipped="0">
  <reporter-output>
  </reporter-output>
  <suite started-at="2025-02-04T11:53:42Z" name="Test Suite for Buildout" finished-at="2025-02-04T11:53:49Z" duration-ms="7090">
    <groups>
    </groups>
    <test started-at="2025-02-04T11:53:42Z" name="Test Cases for Buildout" finished-at="2025-02-04T11:53:49Z" duration-ms="7090">
      <class name="demo.TestCases">
        <test-method is-config="true" signature="startBrowser()[pri:0, instance:demo.TestCases@5ddea849]" started-at="2025-02-04T17:23:42Z" name="startBrowser" finished-at="2025-02-04T17:23:44Z" duration-ms="1920" status="PASS">
          <reporter-output>
          </reporter-output>
        </test-method> <!-- startBrowser -->
        <test-method signature="testCase01()[pri:0, instance:demo.TestCases@5ddea849]" started-at="2025-02-04T17:23:44Z" name="testCase01" description="Filling the Google form" finished-at="2025-02-04T17:23:48Z" duration-ms="4450" status="PASS">
          <reporter-output>
          </reporter-output>
        </test-method> <!-- testCase01 -->
        <test-method is-config="true" signature="endTest()[pri:0, instance:demo.TestCases@5ddea849]" started-at="2025-02-04T17:23:48Z" name="endTest" finished-at="2025-02-04T17:23:49Z" duration-ms="712" status="PASS">
          <reporter-output>
          </reporter-output>
        </test-method> <!-- endTest -->
      </class> <!-- demo.TestCases -->
    </test> <!-- Test Cases for Buildout -->
  </suite> <!-- Test Suite for Buildout -->
</testng-results>
