<?xml version="1.0" encoding="UTF-8"?>
<testng-results total="1" passed="1" failed="0" skipped="0">
  <reporter-output>
  </reporter-output>
  <suite started-at="2025-02-04T13:00:32Z" name="Test Suite for Buildout" finished-at="2025-02-04T13:00:42Z" duration-ms="10556">
    <groups>
    </groups>
    <test started-at="2025-02-04T13:00:32Z" name="Test Cases for Buildout" finished-at="2025-02-04T13:00:42Z" duration-ms="10556">
      <class name="demo.TestCases">
        <test-method is-config="true" signature="startBrowser()[pri:0, instance:demo.TestCases@5ddea849]" started-at="2025-02-04T18:30:32Z" name="startBrowser" finished-at="2025-02-04T18:30:34Z" duration-ms="2493" status="PASS">
          <reporter-output>
          </reporter-output>
        </test-method> <!-- startBrowser -->
        <test-method signature="testCase01()[pri:0, instance:demo.TestCases@5ddea849]" started-at="2025-02-04T18:30:34Z" name="testCase01" description="Filling the Google form" finished-at="2025-02-04T18:30:41Z" duration-ms="7274" status="PASS">
          <reporter-output>
          </reporter-output>
        </test-method> <!-- testCase01 -->
        <test-method is-config="true" signature="endTest()[pri:0, instance:demo.TestCases@5ddea849]" started-at="2025-02-04T18:30:41Z" name="endTest" finished-at="2025-02-04T18:30:42Z" duration-ms="776" status="PASS">
          <reporter-output>
          </reporter-output>
        </test-method> <!-- endTest -->
      </class> <!-- demo.TestCases -->
    </test> <!-- Test Cases for Buildout -->
  </suite> <!-- Test Suite for Buildout -->
</testng-results>
